<?xml version="1.0" encoding="UTF-8" ?>
<testsuite tests="2" failures="0" name="runTest" time="0.016" errors="2" skipped="0">
  <properties>
[...]
</properties>
  <testcase classname="Scenario: User preforms to integrate with zephyr" name="When I Perform to integrate my automation with zephyr" time="0.006">
    <error message="Server returned HTTP response code: 403 for URL: http://192.168.99.100:32768/flex/services/rest/latest/execution/2" type="java.lang.RuntimeException">java.lang.RuntimeException: Server returned HTTP response code: 403 for URL: http://192.168.99.100:32768/flex/services/rest/latest/execution/2
	at com.seamless.ers.qa.cucumber.ImplementationClasses.USSD.AtlassianIntegration.AuthGet(AtlassianIntegration.java:131)
	at com.seamless.ers.qa.cucumber.ImplementationClasses.USSD.AtlassianIntegration.hitCurl(AtlassianIntegration.java:35)
	at ✽.When I Perform to integrate my automation with zephyr(src/test/resources/com/resources/features/ers-std/USSD/AtlassianIntegration.feature:5)
</error>
    <system-out>Feature: Request to integrate atlassian with zephyr
Customer: ers_std
Loaded Config: src/test/java/com/seamless/ers/qa/cucumber/Properties/BasicConfig/config_ers_std.properties
Customer: ers_std
src/test/java/com/seamless/ers/qa/cucumber/Properties/USSD/ussdapp_ers_std.properties
Connecting To Jira/Zephyr
URL : http://192.168.99.100:32768/rest/api/2/issue/TS-2
{&quot;expand&quot;:&quot;renderedFields,names,schema,transitions,operations,editmeta,changelog,versionedRepresentations&quot;,&quot;id&quot;:&quot;10001&quot;,&quot;self&quot;:&quot;http://192.168.99.100:32768/rest/api/2/issue/10001&quot;,&quot;key&quot;:&quot;TS-2&quot;,&quot;fields&quot;:{&quot;issuetype&quot;:{&quot;self&quot;:&quot;http://192.168.99.100:32768/rest/api/2/issuetype/10002&quot;,&quot;id&quot;:&quot;10002&quot;,&quot;description&quot;:&quot;This Issue Type is used to create Zephyr Test within Jira.&quot;,&quot;iconUrl&quot;:&quot;http://192.168.99.100:32768/download/resources/com.thed.zephyr.je/images/icons/ico_zephyr_issuetype.png&quot;,&quot;name&quot;:&quot;Test&quot;,&quot;subtask&quot;:false},&quot;components&quot;:[],&quot;timespent&quot;:null,&quot;timeoriginalestimate&quot;:null,&quot;description&quot;:null,&quot;project&quot;:{&quot;self&quot;:&quot;http://192.168.99.100:32768/rest/api/2/project/10000&quot;,&quot;id&quot;:&quot;10000&quot;,&quot;key&quot;:&quot;TS&quot;,&quot;name&quot;:&quot;TS&quot;,&quot;avatarUrls&quot;:{&quot;48x48&quot;:&quot;http://192.168.99.100:32768/secure/projectavatar?avatarId=10324&quot;,&quot;24x24&quot;:&quot;http://192.168.99.100:32768/secure/projectavatar?size=small&amp;avatarId=10324&quot;,&quot;16x16&quot;:&quot;http://192.168.99.100:32768/secure/projectavatar?size=xsmall&amp;avatarId=10324&quot;,&quot;32x32&quot;:&quot;http://192.168.99.100:32768/secure/projectavatar?size=medium&amp;avatarId=10324&quot;}},&quot;fixVersions&quot;:[],&quot;aggregatetimespent&quot;:null,&quot;resolution&quot;:null,&quot;timetracking&quot;:{},&quot;attachment&quot;:[],&quot;aggregatetimeestimate&quot;:null,&quot;resolutiondate&quot;:null,&quot;workratio&quot;:-1,&quot;summary&quot;:&quot;USSD : Successful R2R&quot;,&quot;lastViewed&quot;:&quot;2016-05-30T11:28:39.619+0000&quot;,&quot;watches&quot;:{&quot;self&quot;:&quot;http://192.168.99.100:32768/rest/api/2/issue/TS-2/watchers&quot;,&quot;watchCount&quot;:1,&quot;isWatching&quot;:true},&quot;creator&quot;:{&quot;self&quot;:&quot;http://192.168.99.100:32768/rest/api/2/user?username=tahreem.sadiq&quot;,&quot;name&quot;:&quot;tahreem.sadiq&quot;,&quot;key&quot;:&quot;tahreem.sadiq&quot;,&quot;emailAddress&quot;:&quot;tahreem.sadiq@seamless.se&quot;,&quot;avatarUrls&quot;:{&quot;48x48&quot;:&quot;http://192.168.99.100:32768/secure/useravatar?avatarId=10349&quot;,&quot;24x24&quot;:&quot;http://192.168.99.100:32768/secure/useravatar?size=small&amp;avatarId=10349&quot;,&quot;16x16&quot;:&quot;http://192.168.99.100:32768/secure/useravatar?size=xsmall&amp;avatarId=10349&quot;,&quot;32x32&quot;:&quot;http://192.168.99.100:32768/secure/useravatar?size=medium&amp;avatarId=10349&quot;},&quot;displayName&quot;:&quot;tahreem.sadiq@seamless.se&quot;,&quot;active&quot;:true,&quot;timeZone&quot;:&quot;Etc/UTC&quot;},&quot;subtasks&quot;:[],&quot;created&quot;:&quot;2016-05-09T12:23:59.250+0000&quot;,&quot;reporter&quot;:{&quot;self&quot;:&quot;http://192.168.99.100:32768/rest/api/2/user?username=tahreem.sadiq&quot;,&quot;name&quot;:&quot;tahreem.sadiq&quot;,&quot;key&quot;:&quot;tahreem.sadiq&quot;,&quot;emailAddress&quot;:&quot;tahreem.sadiq@seamless.se&quot;,&quot;avatarUrls&quot;:{&quot;48x48&quot;:&quot;http://192.168.99.100:32768/secure/useravatar?avatarId=10349&quot;,&quot;24x24&quot;:&quot;http://192.168.99.100:32768/secure/useravatar?size=small&amp;avatarId=10349&quot;,&quot;16x16&quot;:&quot;http://192.168.99.100:32768/secure/useravatar?size=xsmall&amp;avatarId=10349&quot;,&quot;32x32&quot;:&quot;http://192.168.99.100:32768/secure/useravatar?size=medium&amp;avatarId=10349&quot;},&quot;displayName&quot;:&quot;tahreem.sadiq@seamless.se&quot;,&quot;active&quot;:true,&quot;timeZone&quot;:&quot;Etc/UTC&quot;},&quot;customfield_10000&quot;:null,&quot;aggregateprogress&quot;:{&quot;progress&quot;:0,&quot;total&quot;:0},&quot;priority&quot;:{&quot;self&quot;:&quot;http://192.168.99.100:32768/rest/api/2/priority/4&quot;,&quot;iconUrl&quot;:&quot;http://192.168.99.100:32768/images/icons/priorities/low.svg&quot;,&quot;name&quot;:&quot;Low&quot;,&quot;id&quot;:&quot;4&quot;},&quot;labels&quot;:[],&quot;environment&quot;:null,&quot;timeestimate&quot;:null,&quot;aggregatetimeoriginalestimate&quot;:null,&quot;versions&quot;:[],&quot;duedate&quot;:null,&quot;progress&quot;:{&quot;progress&quot;:0,&quot;total&quot;:0},&quot;comment&quot;:{&quot;startAt&quot;:0,&quot;maxResults&quot;:0,&quot;total&quot;:0,&quot;comments&quot;:[]},&quot;issuelinks&quot;:[],&quot;votes&quot;:{&quot;self&quot;:&quot;http://192.168.99.100:32768/rest/api/2/issue/TS-2/votes&quot;,&quot;votes&quot;:0,&quot;hasVoted&quot;:false},&quot;worklog&quot;:{&quot;startAt&quot;:0,&quot;maxResults&quot;:20,&quot;total&quot;:0,&quot;worklogs&quot;:[]},&quot;assignee&quot;:{&quot;self&quot;:&quot;http://192.168.99.100:32768/rest/api/2/user?username=tahreem.sadiq&quot;,&quot;name&quot;:&quot;tahreem.sadiq&quot;,&quot;key&quot;:&quot;tahreem.sadiq&quot;,&quot;emailAddress&quot;:&quot;tahreem.sadiq@seamless.se&quot;,&quot;avatarUrls&quot;:{&quot;48x48&quot;:&quot;http://192.168.99.100:32768/secure/useravatar?avatarId=10349&quot;,&quot;24x24&quot;:&quot;http://192.168.99.100:32768/secure/useravatar?size=small&amp;avatarId=10349&quot;,&quot;16x16&quot;:&quot;http://192.168.99.100:32768/secure/useravatar?size=xsmall&amp;avatarId=10349&quot;,&quot;32x32&quot;:&quot;http://192.168.99.100:32768/secure/useravatar?size=medium&amp;avatarId=10349&quot;},&quot;displayName&quot;:&quot;tahreem.sadiq@seamless.se&quot;,&quot;active&quot;:true,&quot;timeZone&quot;:&quot;Etc/UTC&quot;},&quot;updated&quot;:&quot;2016-05-09T13:15:04.458+0000&quot;,&quot;status&quot;:{&quot;self&quot;:&quot;http://192.168.99.100:32768/rest/api/2/status/10000&quot;,&quot;description&quot;:&quot;&quot;,&quot;iconUrl&quot;:&quot;http://192.168.99.100:32768/images/icons/status_generic.gif&quot;,&quot;name&quot;:&quot;To Do&quot;,&quot;id&quot;:&quot;10000&quot;,&quot;statusCategory&quot;:{&quot;self&quot;:&quot;http://192.168.99.100:32768/rest/api/2/statuscategory/2&quot;,&quot;id&quot;:2,&quot;key&quot;:&quot;new&quot;,&quot;colorName&quot;:&quot;blue-gray&quot;,&quot;name&quot;:&quot;To Do&quot;}}}}
URL GET . . http://192.168.99.100:32768/flex/services/rest/latest/execution/2
~~~~~~~~~~~~~~~~~~~~
</system-out>
  </testcase>
  <testcase classname="Scenario: User preforms to integrate with zephyr" name="Scenario: User preforms to integrate with zephyr" time="0.01">
    <error message="Server returned HTTP response code: 403 for URL: http://192.168.99.100:32768/flex/services/rest/latest/execution/2" type="java.lang.RuntimeException">java.lang.RuntimeException: Server returned HTTP response code: 403 for URL: http://192.168.99.100:32768/flex/services/rest/latest/execution/2
	at com.seamless.ers.qa.cucumber.ImplementationClasses.USSD.AtlassianIntegration.AuthGet(AtlassianIntegration.java:131)
	at com.seamless.ers.qa.cucumber.ImplementationClasses.USSD.AtlassianIntegration.hitCurl(AtlassianIntegration.java:35)
	at ✽.When I Perform to integrate my automation with zephyr(src/test/resources/com/resources/features/ers-std/USSD/AtlassianIntegration.feature:5)
</error>
  </testcase>
</testsuite>